{"C:\\Users\\rafik\\Projets de code\\SIELI\\Projet\\Blog STAR WARS\\star-wars-backend\\config\\config.js": {"path":"C:\\Users\\rafik\\Projets de code\\SIELI\\Projet\\Blog STAR WARS\\star-wars-backend\\config\\config.js","statementMap":{"0":{"start":{"line":1,"column":15},"end":{"line":1,"column":32}},"1":{"start":{"line":3,"column":0},"end":{"line":3,"column":16}},"2":{"start":{"line":5,"column":12},"end":{"line":19,"column":1}},"3":{"start":{"line":21,"column":0},"end":{"line":21,"column":21}}},"fnMap":{},"branchMap":{},"s":{"0":1,"1":1,"2":1,"3":1},"f":{},"b":{},"_coverageSchema":"1a1c01bbd47fc00a2c39e90264f33305004495a9","hash":"8ba89b797ebd23b7aa36f9b1e5c3e77d8ba5c5d3"}
,"C:\\Users\\rafik\\Projets de code\\SIELI\\Projet\\Blog STAR WARS\\star-wars-backend\\controllers\\followTopic.controller.js": {"path":"C:\\Users\\rafik\\Projets de code\\SIELI\\Projet\\Blog STAR WARS\\star-wars-backend\\controllers\\followTopic.controller.js","statementMap":{"0":{"start":{"line":1,"column":20},"end":{"line":1,"column":58}},"1":{"start":{"line":2,"column":13},"end":{"line":2,"column":44}},"2":{"start":{"line":3,"column":14},"end":{"line":3,"column":46}},"3":{"start":{"line":8,"column":0},"end":{"line":28,"column":1}},"4":{"start":{"line":9,"column":4},"end":{"line":27,"column":5}},"5":{"start":{"line":10,"column":23},"end":{"line":10,"column":34}},"6":{"start":{"line":11,"column":28},"end":{"line":11,"column":55}},"7":{"start":{"line":12,"column":24},"end":{"line":12,"column":37}},"8":{"start":{"line":13,"column":37},"end":{"line":18,"column":9}},"9":{"start":{"line":19,"column":36},"end":{"line":19,"column":82}},"10":{"start":{"line":21,"column":8},"end":{"line":21,"column":49}},"11":{"start":{"line":24,"column":8},"end":{"line":26,"column":10}},"12":{"start":{"line":31,"column":0},"end":{"line":41,"column":1}},"13":{"start":{"line":32,"column":4},"end":{"line":40,"column":5}},"14":{"start":{"line":33,"column":24},"end":{"line":33,"column":37}},"15":{"start":{"line":34,"column":35},"end":{"line":34,"column":100}},"16":{"start":{"line":35,"column":8},"end":{"line":35,"column":54}},"17":{"start":{"line":37,"column":8},"end":{"line":39,"column":10}},"18":{"start":{"line":44,"column":0},"end":{"line":72,"column":1}},"19":{"start":{"line":45,"column":4},"end":{"line":71,"column":5}},"20":{"start":{"line":46,"column":23},"end":{"line":46,"column":36}},"21":{"start":{"line":49,"column":44},"end":{"line":51,"column":10}},"22":{"start":{"line":54,"column":33},"end":{"line":54,"column":35}},"23":{"start":{"line":55,"column":8},"end":{"line":57,"column":10}},"24":{"start":{"line":56,"column":12},"end":{"line":56,"column":58}},"25":{"start":{"line":60,"column":31},"end":{"line":63,"column":11}},"26":{"start":{"line":61,"column":26},"end":{"line":61,"column":55}},"27":{"start":{"line":62,"column":12},"end":{"line":62,"column":24}},"28":{"start":{"line":65,"column":8},"end":{"line":65,"column":44}},"29":{"start":{"line":68,"column":8},"end":{"line":70,"column":10}},"30":{"start":{"line":75,"column":0},"end":{"line":110,"column":1}},"31":{"start":{"line":76,"column":4},"end":{"line":109,"column":5}},"32":{"start":{"line":77,"column":23},"end":{"line":77,"column":34}},"33":{"start":{"line":78,"column":24},"end":{"line":78,"column":37}},"34":{"start":{"line":79,"column":31},"end":{"line":79,"column":48}},"35":{"start":{"line":80,"column":29},"end":{"line":80,"column":31}},"36":{"start":{"line":83,"column":8},"end":{"line":97,"column":9}},"37":{"start":{"line":84,"column":12},"end":{"line":88,"column":13}},"38":{"start":{"line":92,"column":12},"end":{"line":96,"column":13}},"39":{"start":{"line":99,"column":8},"end":{"line":103,"column":10}},"40":{"start":{"line":106,"column":8},"end":{"line":108,"column":10}}},"fnMap":{"0":{"name":"(anonymous_0)","decl":{"start":{"line":8,"column":34},"end":{"line":8,"column":35}},"loc":{"start":{"line":8,"column":54},"end":{"line":28,"column":1}},"line":8},"1":{"name":"(anonymous_1)","decl":{"start":{"line":31,"column":34},"end":{"line":31,"column":35}},"loc":{"start":{"line":31,"column":54},"end":{"line":41,"column":1}},"line":31},"2":{"name":"(anonymous_2)","decl":{"start":{"line":44,"column":31},"end":{"line":44,"column":32}},"loc":{"start":{"line":44,"column":51},"end":{"line":72,"column":1}},"line":44},"3":{"name":"(anonymous_3)","decl":{"start":{"line":55,"column":40},"end":{"line":55,"column":41}},"loc":{"start":{"line":55,"column":59},"end":{"line":57,"column":9}},"line":55},"4":{"name":"(anonymous_4)","decl":{"start":{"line":60,"column":70},"end":{"line":60,"column":71}},"loc":{"start":{"line":60,"column":89},"end":{"line":63,"column":9}},"line":60},"5":{"name":"(anonymous_5)","decl":{"start":{"line":75,"column":37},"end":{"line":75,"column":38}},"loc":{"start":{"line":75,"column":57},"end":{"line":110,"column":1}},"line":75}},"branchMap":{"0":{"loc":{"start":{"line":83,"column":8},"end":{"line":97,"column":9}},"type":"if","locations":[{"start":{"line":83,"column":8},"end":{"line":97,"column":9}},{"start":{"line":91,"column":15},"end":{"line":97,"column":9}}],"line":83}},"s":{"0":1,"1":1,"2":1,"3":1,"4":2,"5":2,"6":2,"7":1,"8":1,"9":1,"10":1,"11":1,"12":1,"13":0,"14":0,"15":0,"16":0,"17":0,"18":1,"19":0,"20":0,"21":0,"22":0,"23":0,"24":0,"25":0,"26":0,"27":0,"28":0,"29":0,"30":1,"31":0,"32":0,"33":0,"34":0,"35":0,"36":0,"37":0,"38":0,"39":0,"40":0},"f":{"0":2,"1":0,"2":0,"3":0,"4":0,"5":0},"b":{"0":[0,0]},"_coverageSchema":"1a1c01bbd47fc00a2c39e90264f33305004495a9","hash":"89e53a364d4641062e585b3ac4123fe878d1d9d5"}
,"C:\\Users\\rafik\\Projets de code\\SIELI\\Projet\\Blog STAR WARS\\star-wars-backend\\controllers\\like.controller.js": {"path":"C:\\Users\\rafik\\Projets de code\\SIELI\\Projet\\Blog STAR WARS\\star-wars-backend\\controllers\\like.controller.js","statementMap":{"0":{"start":{"line":1,"column":13},"end":{"line":1,"column":47}},"1":{"start":{"line":2,"column":16},"end":{"line":2,"column":53}},"2":{"start":{"line":3,"column":13},"end":{"line":3,"column":47}},"3":{"start":{"line":4,"column":13},"end":{"line":4,"column":47}},"4":{"start":{"line":8,"column":0},"end":{"line":30,"column":1}},"5":{"start":{"line":9,"column":4},"end":{"line":29,"column":5}},"6":{"start":{"line":11,"column":21},"end":{"line":11,"column":34}},"7":{"start":{"line":13,"column":26},"end":{"line":13,"column":74}},"8":{"start":{"line":14,"column":8},"end":{"line":14,"column":54}},"9":{"start":{"line":15,"column":8},"end":{"line":20,"column":9}},"10":{"start":{"line":16,"column":12},"end":{"line":16,"column":71}},"11":{"start":{"line":17,"column":12},"end":{"line":19,"column":13}},"12":{"start":{"line":18,"column":16},"end":{"line":18,"column":69}},"13":{"start":{"line":23,"column":8},"end":{"line":23,"column":47}},"14":{"start":{"line":26,"column":8},"end":{"line":28,"column":10}},"15":{"start":{"line":33,"column":0},"end":{"line":67,"column":1}},"16":{"start":{"line":34,"column":4},"end":{"line":66,"column":5}},"17":{"start":{"line":35,"column":23},"end":{"line":35,"column":34}},"18":{"start":{"line":36,"column":28},"end":{"line":36,"column":55}},"19":{"start":{"line":37,"column":8},"end":{"line":39,"column":10}},"20":{"start":{"line":37,"column":26},"end":{"line":39,"column":10}},"21":{"start":{"line":41,"column":23},"end":{"line":41,"column":36}},"22":{"start":{"line":44,"column":26},"end":{"line":44,"column":56}},"23":{"start":{"line":45,"column":8},"end":{"line":50,"column":9}},"24":{"start":{"line":46,"column":12},"end":{"line":46,"column":53}},"25":{"start":{"line":47,"column":12},"end":{"line":49,"column":14}},"26":{"start":{"line":47,"column":30},"end":{"line":49,"column":14}},"27":{"start":{"line":51,"column":22},"end":{"line":51,"column":68}},"28":{"start":{"line":52,"column":8},"end":{"line":54,"column":10}},"29":{"start":{"line":52,"column":22},"end":{"line":54,"column":10}},"30":{"start":{"line":56,"column":8},"end":{"line":56,"column":28}},"31":{"start":{"line":57,"column":8},"end":{"line":60,"column":10}},"32":{"start":{"line":63,"column":8},"end":{"line":65,"column":10}},"33":{"start":{"line":71,"column":0},"end":{"line":105,"column":1}},"34":{"start":{"line":72,"column":4},"end":{"line":104,"column":5}},"35":{"start":{"line":74,"column":23},"end":{"line":74,"column":36}},"36":{"start":{"line":77,"column":28},"end":{"line":77,"column":55}},"37":{"start":{"line":78,"column":8},"end":{"line":80,"column":10}},"38":{"start":{"line":78,"column":26},"end":{"line":80,"column":10}},"39":{"start":{"line":83,"column":26},"end":{"line":83,"column":67}},"40":{"start":{"line":84,"column":8},"end":{"line":89,"column":9}},"41":{"start":{"line":85,"column":12},"end":{"line":85,"column":70}},"42":{"start":{"line":86,"column":12},"end":{"line":88,"column":14}},"43":{"start":{"line":86,"column":30},"end":{"line":88,"column":14}},"44":{"start":{"line":91,"column":8},"end":{"line":91,"column":47}},"45":{"start":{"line":92,"column":8},"end":{"line":92,"column":26}},"46":{"start":{"line":95,"column":8},"end":{"line":95,"column":45}},"47":{"start":{"line":96,"column":8},"end":{"line":98,"column":10}},"48":{"start":{"line":101,"column":8},"end":{"line":103,"column":10}},"49":{"start":{"line":108,"column":29},"end":{"line":123,"column":1}},"50":{"start":{"line":109,"column":4},"end":{"line":122,"column":5}},"51":{"start":{"line":110,"column":27},"end":{"line":113,"column":9}},"52":{"start":{"line":114,"column":24},"end":{"line":114,"column":53}},"53":{"start":{"line":115,"column":8},"end":{"line":115,"column":22}},"54":{"start":{"line":116,"column":8},"end":{"line":116,"column":39}},"55":{"start":{"line":117,"column":8},"end":{"line":117,"column":26}},"56":{"start":{"line":118,"column":8},"end":{"line":118,"column":22}},"57":{"start":{"line":121,"column":8},"end":{"line":121,"column":24}}},"fnMap":{"0":{"name":"(anonymous_0)","decl":{"start":{"line":8,"column":19},"end":{"line":8,"column":20}},"loc":{"start":{"line":8,"column":39},"end":{"line":30,"column":1}},"line":8},"1":{"name":"(anonymous_1)","decl":{"start":{"line":33,"column":24},"end":{"line":33,"column":25}},"loc":{"start":{"line":33,"column":44},"end":{"line":67,"column":1}},"line":33},"2":{"name":"(anonymous_2)","decl":{"start":{"line":71,"column":18},"end":{"line":71,"column":19}},"loc":{"start":{"line":71,"column":38},"end":{"line":105,"column":1}},"line":71},"3":{"name":"(anonymous_3)","decl":{"start":{"line":108,"column":29},"end":{"line":108,"column":30}},"loc":{"start":{"line":108,"column":65},"end":{"line":123,"column":1}},"line":108}},"branchMap":{"0":{"loc":{"start":{"line":15,"column":8},"end":{"line":20,"column":9}},"type":"if","locations":[{"start":{"line":15,"column":8},"end":{"line":20,"column":9}},{"start":{},"end":{}}],"line":15},"1":{"loc":{"start":{"line":17,"column":12},"end":{"line":19,"column":13}},"type":"if","locations":[{"start":{"line":17,"column":12},"end":{"line":19,"column":13}},{"start":{},"end":{}}],"line":17},"2":{"loc":{"start":{"line":37,"column":8},"end":{"line":39,"column":10}},"type":"if","locations":[{"start":{"line":37,"column":8},"end":{"line":39,"column":10}},{"start":{},"end":{}}],"line":37},"3":{"loc":{"start":{"line":45,"column":8},"end":{"line":50,"column":9}},"type":"if","locations":[{"start":{"line":45,"column":8},"end":{"line":50,"column":9}},{"start":{},"end":{}}],"line":45},"4":{"loc":{"start":{"line":47,"column":12},"end":{"line":49,"column":14}},"type":"if","locations":[{"start":{"line":47,"column":12},"end":{"line":49,"column":14}},{"start":{},"end":{}}],"line":47},"5":{"loc":{"start":{"line":52,"column":8},"end":{"line":54,"column":10}},"type":"if","locations":[{"start":{"line":52,"column":8},"end":{"line":54,"column":10}},{"start":{},"end":{}}],"line":52},"6":{"loc":{"start":{"line":78,"column":8},"end":{"line":80,"column":10}},"type":"if","locations":[{"start":{"line":78,"column":8},"end":{"line":80,"column":10}},{"start":{},"end":{}}],"line":78},"7":{"loc":{"start":{"line":84,"column":8},"end":{"line":89,"column":9}},"type":"if","locations":[{"start":{"line":84,"column":8},"end":{"line":89,"column":9}},{"start":{},"end":{}}],"line":84},"8":{"loc":{"start":{"line":86,"column":12},"end":{"line":88,"column":14}},"type":"if","locations":[{"start":{"line":86,"column":12},"end":{"line":88,"column":14}},{"start":{},"end":{}}],"line":86}},"s":{"0":1,"1":1,"2":1,"3":1,"4":1,"5":1,"6":1,"7":1,"8":1,"9":1,"10":0,"11":0,"12":0,"13":1,"14":0,"15":1,"16":0,"17":0,"18":0,"19":0,"20":0,"21":0,"22":0,"23":0,"24":0,"25":0,"26":0,"27":0,"28":0,"29":0,"30":0,"31":0,"32":0,"33":1,"34":0,"35":0,"36":0,"37":0,"38":0,"39":0,"40":0,"41":0,"42":0,"43":0,"44":0,"45":0,"46":0,"47":0,"48":0,"49":1,"50":0,"51":0,"52":0,"53":0,"54":0,"55":0,"56":0,"57":0},"f":{"0":1,"1":0,"2":0,"3":0},"b":{"0":[0,1],"1":[0,0],"2":[0,0],"3":[0,0],"4":[0,0],"5":[0,0],"6":[0,0],"7":[0,0],"8":[0,0]},"_coverageSchema":"1a1c01bbd47fc00a2c39e90264f33305004495a9","hash":"09dc1433641bbab5a5d23915339b1c922a7d2a30"}
,"C:\\Users\\rafik\\Projets de code\\SIELI\\Projet\\Blog STAR WARS\\star-wars-backend\\controllers\\post.controller.js": {"path":"C:\\Users\\rafik\\Projets de code\\SIELI\\Projet\\Blog STAR WARS\\star-wars-backend\\controllers\\post.controller.js","statementMap":{"0":{"start":{"line":1,"column":13},"end":{"line":1,"column":47}},"1":{"start":{"line":2,"column":14},"end":{"line":2,"column":49}},"2":{"start":{"line":3,"column":16},"end":{"line":3,"column":53}},"3":{"start":{"line":4,"column":13},"end":{"line":4,"column":47}},"4":{"start":{"line":5,"column":13},"end":{"line":5,"column":47}},"5":{"start":{"line":9,"column":0},"end":{"line":58,"column":1}},"6":{"start":{"line":10,"column":4},"end":{"line":57,"column":5}},"7":{"start":{"line":12,"column":24},"end":{"line":12,"column":37}},"8":{"start":{"line":15,"column":29},"end":{"line":15,"column":58}},"9":{"start":{"line":16,"column":8},"end":{"line":18,"column":10}},"10":{"start":{"line":16,"column":27},"end":{"line":18,"column":10}},"11":{"start":{"line":21,"column":22},"end":{"line":21,"column":30}},"12":{"start":{"line":22,"column":8},"end":{"line":22,"column":42}},"13":{"start":{"line":25,"column":8},"end":{"line":40,"column":9}},"14":{"start":{"line":26,"column":55},"end":{"line":26,"column":71}},"15":{"start":{"line":27,"column":35},"end":{"line":27,"column":72}},"16":{"start":{"line":28,"column":12},"end":{"line":30,"column":14}},"17":{"start":{"line":28,"column":33},"end":{"line":30,"column":14}},"18":{"start":{"line":31,"column":30},"end":{"line":31,"column":71}},"19":{"start":{"line":34,"column":37},"end":{"line":34,"column":62}},"20":{"start":{"line":35,"column":33},"end":{"line":35,"column":78}},"21":{"start":{"line":36,"column":32},"end":{"line":36,"column":55}},"22":{"start":{"line":37,"column":33},"end":{"line":37,"column":102}},"23":{"start":{"line":39,"column":12},"end":{"line":39,"column":42}},"24":{"start":{"line":43,"column":8},"end":{"line":54,"column":11}},"25":{"start":{"line":45,"column":12},"end":{"line":45,"column":26}},"26":{"start":{"line":46,"column":12},"end":{"line":46,"column":44}},"27":{"start":{"line":47,"column":12},"end":{"line":47,"column":31}},"28":{"start":{"line":48,"column":12},"end":{"line":50,"column":14}},"29":{"start":{"line":52,"column":21},"end":{"line":54,"column":10}},"30":{"start":{"line":56,"column":8},"end":{"line":56,"column":35}},"31":{"start":{"line":62,"column":0},"end":{"line":84,"column":1}},"32":{"start":{"line":63,"column":4},"end":{"line":83,"column":5}},"33":{"start":{"line":65,"column":24},"end":{"line":65,"column":37}},"34":{"start":{"line":68,"column":38},"end":{"line":68,"column":85}},"35":{"start":{"line":71,"column":8},"end":{"line":73,"column":10}},"36":{"start":{"line":71,"column":36},"end":{"line":73,"column":10}},"37":{"start":{"line":76,"column":8},"end":{"line":80,"column":10}},"38":{"start":{"line":82,"column":8},"end":{"line":82,"column":35}},"39":{"start":{"line":88,"column":0},"end":{"line":103,"column":1}},"40":{"start":{"line":89,"column":4},"end":{"line":102,"column":5}},"41":{"start":{"line":91,"column":23},"end":{"line":91,"column":36}},"42":{"start":{"line":94,"column":28},"end":{"line":94,"column":55}},"43":{"start":{"line":97,"column":8},"end":{"line":97,"column":41}},"44":{"start":{"line":99,"column":8},"end":{"line":101,"column":10}},"45":{"start":{"line":107,"column":0},"end":{"line":145,"column":1}},"46":{"start":{"line":108,"column":4},"end":{"line":144,"column":5}},"47":{"start":{"line":110,"column":28},"end":{"line":110,"column":60}},"48":{"start":{"line":111,"column":8},"end":{"line":114,"column":14}},"49":{"start":{"line":112,"column":12},"end":{"line":114,"column":14}},"50":{"start":{"line":117,"column":23},"end":{"line":117,"column":36}},"51":{"start":{"line":120,"column":29},"end":{"line":120,"column":84}},"52":{"start":{"line":121,"column":8},"end":{"line":121,"column":51}},"53":{"start":{"line":122,"column":8},"end":{"line":122,"column":30}},"54":{"start":{"line":125,"column":8},"end":{"line":125,"column":51}},"55":{"start":{"line":128,"column":33},"end":{"line":128,"column":69}},"56":{"start":{"line":129,"column":8},"end":{"line":131,"column":11}},"57":{"start":{"line":130,"column":12},"end":{"line":130,"column":60}},"58":{"start":{"line":134,"column":8},"end":{"line":134,"column":50}},"59":{"start":{"line":137,"column":8},"end":{"line":137,"column":53}},"60":{"start":{"line":138,"column":8},"end":{"line":140,"column":10}},"61":{"start":{"line":143,"column":8},"end":{"line":143,"column":35}},"62":{"start":{"line":149,"column":0},"end":{"line":184,"column":1}},"63":{"start":{"line":150,"column":4},"end":{"line":183,"column":5}},"64":{"start":{"line":151,"column":21},"end":{"line":151,"column":55}},"65":{"start":{"line":152,"column":8},"end":{"line":154,"column":10}},"66":{"start":{"line":152,"column":19},"end":{"line":154,"column":10}},"67":{"start":{"line":158,"column":27},"end":{"line":164,"column":9}},"68":{"start":{"line":166,"column":24},"end":{"line":170,"column":9}},"69":{"start":{"line":172,"column":8},"end":{"line":176,"column":9}},"70":{"start":{"line":173,"column":12},"end":{"line":175,"column":14}},"71":{"start":{"line":177,"column":8},"end":{"line":177,"column":37}},"72":{"start":{"line":180,"column":8},"end":{"line":182,"column":10}}},"fnMap":{"0":{"name":"(anonymous_0)","decl":{"start":{"line":9,"column":21},"end":{"line":9,"column":22}},"loc":{"start":{"line":9,"column":41},"end":{"line":58,"column":1}},"line":9},"1":{"name":"(anonymous_1)","decl":{"start":{"line":44,"column":14},"end":{"line":44,"column":15}},"loc":{"start":{"line":44,"column":25},"end":{"line":50,"column":15}},"line":44},"2":{"name":"(anonymous_2)","decl":{"start":{"line":52,"column":15},"end":{"line":52,"column":16}},"loc":{"start":{"line":52,"column":21},"end":{"line":54,"column":10}},"line":52},"3":{"name":"(anonymous_3)","decl":{"start":{"line":62,"column":28},"end":{"line":62,"column":29}},"loc":{"start":{"line":62,"column":48},"end":{"line":84,"column":1}},"line":62},"4":{"name":"(anonymous_4)","decl":{"start":{"line":88,"column":24},"end":{"line":88,"column":25}},"loc":{"start":{"line":88,"column":44},"end":{"line":103,"column":1}},"line":88},"5":{"name":"(anonymous_5)","decl":{"start":{"line":107,"column":25},"end":{"line":107,"column":26}},"loc":{"start":{"line":107,"column":45},"end":{"line":145,"column":1}},"line":107},"6":{"name":"(anonymous_6)","decl":{"start":{"line":129,"column":29},"end":{"line":129,"column":30}},"loc":{"start":{"line":129,"column":48},"end":{"line":131,"column":9}},"line":129},"7":{"name":"(anonymous_7)","decl":{"start":{"line":149,"column":21},"end":{"line":149,"column":22}},"loc":{"start":{"line":149,"column":41},"end":{"line":184,"column":1}},"line":149}},"branchMap":{"0":{"loc":{"start":{"line":16,"column":8},"end":{"line":18,"column":10}},"type":"if","locations":[{"start":{"line":16,"column":8},"end":{"line":18,"column":10}},{"start":{},"end":{}}],"line":16},"1":{"loc":{"start":{"line":25,"column":8},"end":{"line":40,"column":9}},"type":"if","locations":[{"start":{"line":25,"column":8},"end":{"line":40,"column":9}},{"start":{},"end":{}}],"line":25},"2":{"loc":{"start":{"line":28,"column":12},"end":{"line":30,"column":14}},"type":"if","locations":[{"start":{"line":28,"column":12},"end":{"line":30,"column":14}},{"start":{},"end":{}}],"line":28},"3":{"loc":{"start":{"line":71,"column":8},"end":{"line":73,"column":10}},"type":"if","locations":[{"start":{"line":71,"column":8},"end":{"line":73,"column":10}},{"start":{},"end":{}}],"line":71},"4":{"loc":{"start":{"line":111,"column":8},"end":{"line":114,"column":14}},"type":"if","locations":[{"start":{"line":111,"column":8},"end":{"line":114,"column":14}},{"start":{},"end":{}}],"line":111},"5":{"loc":{"start":{"line":152,"column":8},"end":{"line":154,"column":10}},"type":"if","locations":[{"start":{"line":152,"column":8},"end":{"line":154,"column":10}},{"start":{},"end":{}}],"line":152},"6":{"loc":{"start":{"line":172,"column":8},"end":{"line":176,"column":9}},"type":"if","locations":[{"start":{"line":172,"column":8},"end":{"line":176,"column":9}},{"start":{},"end":{}}],"line":172}},"s":{"0":1,"1":1,"2":1,"3":1,"4":1,"5":1,"6":0,"7":0,"8":0,"9":0,"10":0,"11":0,"12":0,"13":0,"14":0,"15":0,"16":0,"17":0,"18":0,"19":0,"20":0,"21":0,"22":0,"23":0,"24":0,"25":0,"26":0,"27":0,"28":0,"29":0,"30":0,"31":1,"32":0,"33":0,"34":0,"35":0,"36":0,"37":0,"38":0,"39":1,"40":1,"41":1,"42":1,"43":1,"44":0,"45":1,"46":0,"47":0,"48":0,"49":0,"50":0,"51":0,"52":0,"53":0,"54":0,"55":0,"56":0,"57":0,"58":0,"59":0,"60":0,"61":0,"62":1,"63":0,"64":0,"65":0,"66":0,"67":0,"68":0,"69":0,"70":0,"71":0,"72":0},"f":{"0":0,"1":0,"2":0,"3":0,"4":1,"5":0,"6":0,"7":0},"b":{"0":[0,0],"1":[0,0],"2":[0,0],"3":[0,0],"4":[0,0],"5":[0,0],"6":[0,0]},"_coverageSchema":"1a1c01bbd47fc00a2c39e90264f33305004495a9","hash":"4d7901ead309aca8949265458f37f2044bf2c9bb"}
,"C:\\Users\\rafik\\Projets de code\\SIELI\\Projet\\Blog STAR WARS\\star-wars-backend\\controllers\\topic.controller.js": {"path":"C:\\Users\\rafik\\Projets de code\\SIELI\\Projet\\Blog STAR WARS\\star-wars-backend\\controllers\\topic.controller.js","statementMap":{"0":{"start":{"line":1,"column":14},"end":{"line":1,"column":49}},"1":{"start":{"line":2,"column":17},"end":{"line":2,"column":55}},"2":{"start":{"line":3,"column":13},"end":{"line":3,"column":47}},"3":{"start":{"line":4,"column":16},"end":{"line":4,"column":53}},"4":{"start":{"line":5,"column":20},"end":{"line":5,"column":61}},"5":{"start":{"line":6,"column":13},"end":{"line":6,"column":47}},"6":{"start":{"line":7,"column":13},"end":{"line":7,"column":47}},"7":{"start":{"line":12,"column":0},"end":{"line":18,"column":1}},"8":{"start":{"line":13,"column":4},"end":{"line":17,"column":11}},"9":{"start":{"line":14,"column":26},"end":{"line":14,"column":54}},"10":{"start":{"line":15,"column":26},"end":{"line":17,"column":10}},"11":{"start":{"line":21,"column":0},"end":{"line":44,"column":1}},"12":{"start":{"line":22,"column":4},"end":{"line":43,"column":5}},"13":{"start":{"line":24,"column":27},"end":{"line":24,"column":40}},"14":{"start":{"line":27,"column":42},"end":{"line":27,"column":96}},"15":{"start":{"line":28,"column":8},"end":{"line":28,"column":70}},"16":{"start":{"line":31,"column":8},"end":{"line":33,"column":10}},"17":{"start":{"line":31,"column":40},"end":{"line":33,"column":10}},"18":{"start":{"line":36,"column":8},"end":{"line":39,"column":10}},"19":{"start":{"line":42,"column":8},"end":{"line":42,"column":35}},"20":{"start":{"line":47,"column":0},"end":{"line":102,"column":1}},"21":{"start":{"line":48,"column":4},"end":{"line":101,"column":5}},"22":{"start":{"line":50,"column":27},"end":{"line":50,"column":40}},"23":{"start":{"line":53,"column":32},"end":{"line":53,"column":67}},"24":{"start":{"line":54,"column":8},"end":{"line":56,"column":10}},"25":{"start":{"line":54,"column":30},"end":{"line":56,"column":10}},"26":{"start":{"line":59,"column":25},"end":{"line":59,"column":59}},"27":{"start":{"line":60,"column":8},"end":{"line":68,"column":9}},"28":{"start":{"line":61,"column":12},"end":{"line":61,"column":27}},"29":{"start":{"line":62,"column":12},"end":{"line":62,"column":49}},"30":{"start":{"line":63,"column":12},"end":{"line":63,"column":34}},"31":{"start":{"line":65,"column":12},"end":{"line":67,"column":14}},"32":{"start":{"line":71,"column":23},"end":{"line":71,"column":34}},"33":{"start":{"line":72,"column":28},"end":{"line":72,"column":55}},"34":{"start":{"line":73,"column":37},"end":{"line":78,"column":9}},"35":{"start":{"line":79,"column":36},"end":{"line":79,"column":73}},"36":{"start":{"line":80,"column":8},"end":{"line":80,"column":34}},"37":{"start":{"line":83,"column":22},"end":{"line":83,"column":35}},"38":{"start":{"line":84,"column":8},"end":{"line":84,"column":38}},"39":{"start":{"line":85,"column":24},"end":{"line":85,"column":50}},"40":{"start":{"line":86,"column":8},"end":{"line":98,"column":9}},"41":{"start":{"line":87,"column":12},"end":{"line":87,"column":26}},"42":{"start":{"line":88,"column":12},"end":{"line":88,"column":40}},"43":{"start":{"line":89,"column":12},"end":{"line":89,"column":27}},"44":{"start":{"line":90,"column":12},"end":{"line":93,"column":14}},"45":{"start":{"line":95,"column":12},"end":{"line":97,"column":14}},"46":{"start":{"line":100,"column":8},"end":{"line":100,"column":35}},"47":{"start":{"line":105,"column":0},"end":{"line":164,"column":1}},"48":{"start":{"line":106,"column":4},"end":{"line":163,"column":5}},"49":{"start":{"line":107,"column":24},"end":{"line":107,"column":37}},"50":{"start":{"line":110,"column":29},"end":{"line":110,"column":76}},"51":{"start":{"line":111,"column":8},"end":{"line":113,"column":10}},"52":{"start":{"line":111,"column":27},"end":{"line":113,"column":10}},"53":{"start":{"line":116,"column":32},"end":{"line":116,"column":92}},"54":{"start":{"line":117,"column":8},"end":{"line":117,"column":56}},"55":{"start":{"line":118,"column":8},"end":{"line":118,"column":33}},"56":{"start":{"line":121,"column":8},"end":{"line":121,"column":64}},"57":{"start":{"line":124,"column":30},"end":{"line":124,"column":48}},"58":{"start":{"line":125,"column":8},"end":{"line":127,"column":10}},"59":{"start":{"line":126,"column":12},"end":{"line":126,"column":57}},"60":{"start":{"line":130,"column":8},"end":{"line":150,"column":9}},"61":{"start":{"line":132,"column":41},"end":{"line":132,"column":91}},"62":{"start":{"line":133,"column":41},"end":{"line":133,"column":66}},"63":{"start":{"line":136,"column":16},"end":{"line":145,"column":17}},"64":{"start":{"line":140,"column":24},"end":{"line":140,"column":72}},"65":{"start":{"line":143,"column":24},"end":{"line":143,"column":69}},"66":{"start":{"line":148,"column":16},"end":{"line":148,"column":54}},"67":{"start":{"line":153,"column":8},"end":{"line":153,"column":46}},"68":{"start":{"line":155,"column":8},"end":{"line":157,"column":10}},"69":{"start":{"line":160,"column":8},"end":{"line":162,"column":10}}},"fnMap":{"0":{"name":"(anonymous_0)","decl":{"start":{"line":12,"column":20},"end":{"line":12,"column":21}},"loc":{"start":{"line":12,"column":34},"end":{"line":18,"column":1}},"line":12},"1":{"name":"(anonymous_1)","decl":{"start":{"line":14,"column":14},"end":{"line":14,"column":15}},"loc":{"start":{"line":14,"column":26},"end":{"line":14,"column":54}},"line":14},"2":{"name":"(anonymous_2)","decl":{"start":{"line":15,"column":15},"end":{"line":15,"column":16}},"loc":{"start":{"line":15,"column":26},"end":{"line":17,"column":10}},"line":15},"3":{"name":"(anonymous_3)","decl":{"start":{"line":21,"column":32},"end":{"line":21,"column":33}},"loc":{"start":{"line":21,"column":52},"end":{"line":44,"column":1}},"line":21},"4":{"name":"(anonymous_4)","decl":{"start":{"line":47,"column":22},"end":{"line":47,"column":23}},"loc":{"start":{"line":47,"column":42},"end":{"line":102,"column":1}},"line":47},"5":{"name":"(anonymous_5)","decl":{"start":{"line":105,"column":26},"end":{"line":105,"column":27}},"loc":{"start":{"line":105,"column":46},"end":{"line":164,"column":1}},"line":105},"6":{"name":"(anonymous_6)","decl":{"start":{"line":125,"column":26},"end":{"line":125,"column":27}},"loc":{"start":{"line":125,"column":42},"end":{"line":127,"column":9}},"line":125},"7":{"name":"(anonymous_7)","decl":{"start":{"line":131,"column":30},"end":{"line":131,"column":31}},"loc":{"start":{"line":131,"column":46},"end":{"line":149,"column":13}},"line":131},"8":{"name":"(anonymous_8)","decl":{"start":{"line":137,"column":41},"end":{"line":137,"column":42}},"loc":{"start":{"line":137,"column":60},"end":{"line":144,"column":21}},"line":137}},"branchMap":{"0":{"loc":{"start":{"line":31,"column":8},"end":{"line":33,"column":10}},"type":"if","locations":[{"start":{"line":31,"column":8},"end":{"line":33,"column":10}},{"start":{},"end":{}}],"line":31},"1":{"loc":{"start":{"line":54,"column":8},"end":{"line":56,"column":10}},"type":"if","locations":[{"start":{"line":54,"column":8},"end":{"line":56,"column":10}},{"start":{},"end":{}}],"line":54},"2":{"loc":{"start":{"line":60,"column":8},"end":{"line":68,"column":9}},"type":"if","locations":[{"start":{"line":60,"column":8},"end":{"line":68,"column":9}},{"start":{"line":64,"column":15},"end":{"line":68,"column":9}}],"line":60},"3":{"loc":{"start":{"line":86,"column":8},"end":{"line":98,"column":9}},"type":"if","locations":[{"start":{"line":86,"column":8},"end":{"line":98,"column":9}},{"start":{"line":94,"column":15},"end":{"line":98,"column":9}}],"line":86},"4":{"loc":{"start":{"line":111,"column":8},"end":{"line":113,"column":10}},"type":"if","locations":[{"start":{"line":111,"column":8},"end":{"line":113,"column":10}},{"start":{},"end":{}}],"line":111}},"s":{"0":1,"1":1,"2":1,"3":1,"4":1,"5":1,"6":1,"7":1,"8":0,"9":0,"10":0,"11":1,"12":1,"13":1,"14":1,"15":1,"16":1,"17":0,"18":1,"19":0,"20":1,"21":0,"22":0,"23":0,"24":0,"25":0,"26":0,"27":0,"28":0,"29":0,"30":0,"31":0,"32":0,"33":0,"34":0,"35":0,"36":0,"37":0,"38":0,"39":0,"40":0,"41":0,"42":0,"43":0,"44":0,"45":0,"46":0,"47":1,"48":0,"49":0,"50":0,"51":0,"52":0,"53":0,"54":0,"55":0,"56":0,"57":0,"58":0,"59":0,"60":0,"61":0,"62":0,"63":0,"64":0,"65":0,"66":0,"67":0,"68":0,"69":0},"f":{"0":0,"1":0,"2":0,"3":1,"4":0,"5":0,"6":0,"7":0,"8":0},"b":{"0":[0,1],"1":[0,0],"2":[0,0],"3":[0,0],"4":[0,0]},"_coverageSchema":"1a1c01bbd47fc00a2c39e90264f33305004495a9","hash":"0d8e90fb84de040674a47c11a79920cfc2a293b5"}
,"C:\\Users\\rafik\\Projets de code\\SIELI\\Projet\\Blog STAR WARS\\star-wars-backend\\controllers\\user.controller.js": {"path":"C:\\Users\\rafik\\Projets de code\\SIELI\\Projet\\Blog STAR WARS\\star-wars-backend\\controllers\\user.controller.js","statementMap":{"0":{"start":{"line":1,"column":15},"end":{"line":1,"column":32}},"1":{"start":{"line":2,"column":13},"end":{"line":2,"column":47}},"2":{"start":{"line":3,"column":21},"end":{"line":3,"column":63}},"3":{"start":{"line":4,"column":14},"end":{"line":4,"column":30}},"4":{"start":{"line":5,"column":11},"end":{"line":5,"column":24}},"5":{"start":{"line":6,"column":0},"end":{"line":6,"column":26}},"6":{"start":{"line":7,"column":12},"end":{"line":7,"column":42}},"7":{"start":{"line":11,"column":0},"end":{"line":96,"column":1}},"8":{"start":{"line":14,"column":25},"end":{"line":14,"column":27}},"9":{"start":{"line":17,"column":4},"end":{"line":26,"column":5}},"10":{"start":{"line":19,"column":41},"end":{"line":19,"column":49}},"11":{"start":{"line":20,"column":26},"end":{"line":20,"column":36}},"12":{"start":{"line":21,"column":21},"end":{"line":21,"column":54}},"13":{"start":{"line":22,"column":20},"end":{"line":22,"column":47}},"14":{"start":{"line":23,"column":21},"end":{"line":23,"column":38}},"15":{"start":{"line":24,"column":8},"end":{"line":24,"column":53}},"16":{"start":{"line":25,"column":8},"end":{"line":25,"column":77}},"17":{"start":{"line":29,"column":21},"end":{"line":35,"column":5}},"18":{"start":{"line":39,"column":19},"end":{"line":39,"column":32}},"19":{"start":{"line":40,"column":4},"end":{"line":44,"column":5}},"20":{"start":{"line":41,"column":8},"end":{"line":41,"column":30}},"21":{"start":{"line":43,"column":8},"end":{"line":43,"column":35}},"22":{"start":{"line":45,"column":24},"end":{"line":45,"column":58}},"23":{"start":{"line":46,"column":4},"end":{"line":50,"column":5}},"24":{"start":{"line":47,"column":8},"end":{"line":49,"column":10}},"25":{"start":{"line":53,"column":4},"end":{"line":55,"column":5}},"26":{"start":{"line":54,"column":8},"end":{"line":54,"column":42}},"27":{"start":{"line":56,"column":4},"end":{"line":58,"column":5}},"28":{"start":{"line":57,"column":8},"end":{"line":57,"column":44}},"29":{"start":{"line":59,"column":4},"end":{"line":61,"column":5}},"30":{"start":{"line":60,"column":8},"end":{"line":60,"column":48}},"31":{"start":{"line":62,"column":4},"end":{"line":67,"column":5}},"32":{"start":{"line":63,"column":8},"end":{"line":63,"column":50}},"33":{"start":{"line":65,"column":28},"end":{"line":65,"column":89}},"34":{"start":{"line":66,"column":8},"end":{"line":66,"column":41}},"35":{"start":{"line":68,"column":4},"end":{"line":68,"column":44}},"36":{"start":{"line":71,"column":20},"end":{"line":75,"column":5}},"37":{"start":{"line":76,"column":4},"end":{"line":80,"column":5}},"38":{"start":{"line":77,"column":8},"end":{"line":79,"column":10}},"39":{"start":{"line":83,"column":4},"end":{"line":92,"column":5}},"40":{"start":{"line":84,"column":25},"end":{"line":84,"column":65}},"41":{"start":{"line":85,"column":8},"end":{"line":91,"column":10}},"42":{"start":{"line":86,"column":12},"end":{"line":90,"column":13}},"43":{"start":{"line":87,"column":16},"end":{"line":87,"column":34}},"44":{"start":{"line":89,"column":16},"end":{"line":89,"column":57}},"45":{"start":{"line":95,"column":4},"end":{"line":95,"column":33}},"46":{"start":{"line":99,"column":0},"end":{"line":145,"column":1}},"47":{"start":{"line":100,"column":4},"end":{"line":144,"column":5}},"48":{"start":{"line":101,"column":19},"end":{"line":101,"column":30}},"49":{"start":{"line":102,"column":21},"end":{"line":102,"column":44}},"50":{"start":{"line":104,"column":8},"end":{"line":106,"column":9}},"51":{"start":{"line":105,"column":8},"end":{"line":105,"column":67}},"52":{"start":{"line":108,"column":8},"end":{"line":112,"column":9}},"53":{"start":{"line":109,"column":8},"end":{"line":111,"column":11}},"54":{"start":{"line":115,"column":24},"end":{"line":115,"column":36}},"55":{"start":{"line":118,"column":8},"end":{"line":121,"column":10}},"56":{"start":{"line":124,"column":8},"end":{"line":124,"column":59}},"57":{"start":{"line":127,"column":8},"end":{"line":127,"column":41}},"58":{"start":{"line":130,"column":8},"end":{"line":139,"column":9}},"59":{"start":{"line":131,"column":29},"end":{"line":131,"column":57}},"60":{"start":{"line":132,"column":12},"end":{"line":138,"column":14}},"61":{"start":{"line":133,"column":16},"end":{"line":137,"column":17}},"62":{"start":{"line":134,"column":20},"end":{"line":134,"column":38}},"63":{"start":{"line":136,"column":20},"end":{"line":136,"column":61}},"64":{"start":{"line":141,"column":8},"end":{"line":141,"column":67}},"65":{"start":{"line":143,"column":8},"end":{"line":143,"column":66}},"66":{"start":{"line":148,"column":0},"end":{"line":193,"column":1}},"67":{"start":{"line":149,"column":4},"end":{"line":192,"column":5}},"68":{"start":{"line":151,"column":24},"end":{"line":151,"column":35}},"69":{"start":{"line":152,"column":22},"end":{"line":152,"column":50}},"70":{"start":{"line":153,"column":8},"end":{"line":155,"column":9}},"71":{"start":{"line":154,"column":12},"end":{"line":154,"column":102}},"72":{"start":{"line":158,"column":19},"end":{"line":158,"column":32}},"73":{"start":{"line":159,"column":21},"end":{"line":159,"column":44}},"74":{"start":{"line":161,"column":8},"end":{"line":163,"column":9}},"75":{"start":{"line":162,"column":8},"end":{"line":162,"column":67}},"76":{"start":{"line":165,"column":8},"end":{"line":169,"column":9}},"77":{"start":{"line":166,"column":8},"end":{"line":168,"column":11}},"78":{"start":{"line":172,"column":24},"end":{"line":172,"column":36}},"79":{"start":{"line":175,"column":8},"end":{"line":175,"column":41}},"80":{"start":{"line":178,"column":8},"end":{"line":187,"column":9}},"81":{"start":{"line":179,"column":29},"end":{"line":179,"column":57}},"82":{"start":{"line":180,"column":12},"end":{"line":186,"column":14}},"83":{"start":{"line":181,"column":16},"end":{"line":185,"column":17}},"84":{"start":{"line":182,"column":20},"end":{"line":182,"column":38}},"85":{"start":{"line":184,"column":20},"end":{"line":184,"column":61}},"86":{"start":{"line":189,"column":8},"end":{"line":189,"column":67}},"87":{"start":{"line":191,"column":8},"end":{"line":191,"column":66}},"88":{"start":{"line":196,"column":0},"end":{"line":202,"column":1}},"89":{"start":{"line":197,"column":4},"end":{"line":201,"column":11}},"90":{"start":{"line":198,"column":25},"end":{"line":198,"column":52}},"91":{"start":{"line":199,"column":26},"end":{"line":201,"column":10}}},"fnMap":{"0":{"name":"(anonymous_0)","decl":{"start":{"line":11,"column":21},"end":{"line":11,"column":22}},"loc":{"start":{"line":11,"column":41},"end":{"line":96,"column":1}},"line":11},"1":{"name":"(anonymous_1)","decl":{"start":{"line":85,"column":40},"end":{"line":85,"column":41}},"loc":{"start":{"line":85,"column":51},"end":{"line":91,"column":9}},"line":85},"2":{"name":"(anonymous_2)","decl":{"start":{"line":99,"column":21},"end":{"line":99,"column":22}},"loc":{"start":{"line":99,"column":41},"end":{"line":145,"column":1}},"line":99},"3":{"name":"(anonymous_3)","decl":{"start":{"line":132,"column":44},"end":{"line":132,"column":45}},"loc":{"start":{"line":132,"column":55},"end":{"line":138,"column":13}},"line":132},"4":{"name":"(anonymous_4)","decl":{"start":{"line":148,"column":25},"end":{"line":148,"column":26}},"loc":{"start":{"line":148,"column":45},"end":{"line":193,"column":1}},"line":148},"5":{"name":"(anonymous_5)","decl":{"start":{"line":180,"column":44},"end":{"line":180,"column":45}},"loc":{"start":{"line":180,"column":55},"end":{"line":186,"column":13}},"line":180},"6":{"name":"(anonymous_6)","decl":{"start":{"line":196,"column":22},"end":{"line":196,"column":23}},"loc":{"start":{"line":196,"column":36},"end":{"line":202,"column":1}},"line":196},"7":{"name":"(anonymous_7)","decl":{"start":{"line":198,"column":14},"end":{"line":198,"column":15}},"loc":{"start":{"line":198,"column":25},"end":{"line":198,"column":52}},"line":198},"8":{"name":"(anonymous_8)","decl":{"start":{"line":199,"column":15},"end":{"line":199,"column":16}},"loc":{"start":{"line":199,"column":26},"end":{"line":201,"column":10}},"line":199}},"branchMap":{"0":{"loc":{"start":{"line":17,"column":4},"end":{"line":26,"column":5}},"type":"if","locations":[{"start":{"line":17,"column":4},"end":{"line":26,"column":5}},{"start":{},"end":{}}],"line":17},"1":{"loc":{"start":{"line":40,"column":4},"end":{"line":44,"column":5}},"type":"if","locations":[{"start":{"line":40,"column":4},"end":{"line":44,"column":5}},{"start":{"line":42,"column":11},"end":{"line":44,"column":5}}],"line":40},"2":{"loc":{"start":{"line":46,"column":4},"end":{"line":50,"column":5}},"type":"if","locations":[{"start":{"line":46,"column":4},"end":{"line":50,"column":5}},{"start":{},"end":{}}],"line":46},"3":{"loc":{"start":{"line":53,"column":4},"end":{"line":55,"column":5}},"type":"if","locations":[{"start":{"line":53,"column":4},"end":{"line":55,"column":5}},{"start":{},"end":{}}],"line":53},"4":{"loc":{"start":{"line":56,"column":4},"end":{"line":58,"column":5}},"type":"if","locations":[{"start":{"line":56,"column":4},"end":{"line":58,"column":5}},{"start":{},"end":{}}],"line":56},"5":{"loc":{"start":{"line":59,"column":4},"end":{"line":61,"column":5}},"type":"if","locations":[{"start":{"line":59,"column":4},"end":{"line":61,"column":5}},{"start":{},"end":{}}],"line":59},"6":{"loc":{"start":{"line":62,"column":4},"end":{"line":67,"column":5}},"type":"if","locations":[{"start":{"line":62,"column":4},"end":{"line":67,"column":5}},{"start":{"line":64,"column":11},"end":{"line":67,"column":5}}],"line":62},"7":{"loc":{"start":{"line":76,"column":4},"end":{"line":80,"column":5}},"type":"if","locations":[{"start":{"line":76,"column":4},"end":{"line":80,"column":5}},{"start":{},"end":{}}],"line":76},"8":{"loc":{"start":{"line":83,"column":4},"end":{"line":92,"column":5}},"type":"if","locations":[{"start":{"line":83,"column":4},"end":{"line":92,"column":5}},{"start":{},"end":{}}],"line":83},"9":{"loc":{"start":{"line":83,"column":8},"end":{"line":83,"column":46}},"type":"binary-expr","locations":[{"start":{"line":83,"column":8},"end":{"line":83,"column":16}},{"start":{"line":83,"column":20},"end":{"line":83,"column":46}}],"line":83},"10":{"loc":{"start":{"line":86,"column":12},"end":{"line":90,"column":13}},"type":"if","locations":[{"start":{"line":86,"column":12},"end":{"line":90,"column":13}},{"start":{"line":88,"column":19},"end":{"line":90,"column":13}}],"line":86},"11":{"loc":{"start":{"line":104,"column":8},"end":{"line":106,"column":9}},"type":"if","locations":[{"start":{"line":104,"column":8},"end":{"line":106,"column":9}},{"start":{},"end":{}}],"line":104},"12":{"loc":{"start":{"line":108,"column":8},"end":{"line":112,"column":9}},"type":"if","locations":[{"start":{"line":108,"column":8},"end":{"line":112,"column":9}},{"start":{},"end":{}}],"line":108},"13":{"loc":{"start":{"line":130,"column":8},"end":{"line":139,"column":9}},"type":"if","locations":[{"start":{"line":130,"column":8},"end":{"line":139,"column":9}},{"start":{},"end":{}}],"line":130},"14":{"loc":{"start":{"line":133,"column":16},"end":{"line":137,"column":17}},"type":"if","locations":[{"start":{"line":133,"column":16},"end":{"line":137,"column":17}},{"start":{"line":135,"column":23},"end":{"line":137,"column":17}}],"line":133},"15":{"loc":{"start":{"line":153,"column":8},"end":{"line":155,"column":9}},"type":"if","locations":[{"start":{"line":153,"column":8},"end":{"line":155,"column":9}},{"start":{},"end":{}}],"line":153},"16":{"loc":{"start":{"line":161,"column":8},"end":{"line":163,"column":9}},"type":"if","locations":[{"start":{"line":161,"column":8},"end":{"line":163,"column":9}},{"start":{},"end":{}}],"line":161},"17":{"loc":{"start":{"line":165,"column":8},"end":{"line":169,"column":9}},"type":"if","locations":[{"start":{"line":165,"column":8},"end":{"line":169,"column":9}},{"start":{},"end":{}}],"line":165},"18":{"loc":{"start":{"line":178,"column":8},"end":{"line":187,"column":9}},"type":"if","locations":[{"start":{"line":178,"column":8},"end":{"line":187,"column":9}},{"start":{},"end":{}}],"line":178},"19":{"loc":{"start":{"line":181,"column":16},"end":{"line":185,"column":17}},"type":"if","locations":[{"start":{"line":181,"column":16},"end":{"line":185,"column":17}},{"start":{"line":183,"column":23},"end":{"line":185,"column":17}}],"line":181}},"s":{"0":1,"1":1,"2":1,"3":1,"4":1,"5":1,"6":1,"7":1,"8":0,"9":0,"10":0,"11":0,"12":0,"13":0,"14":0,"15":0,"16":0,"17":0,"18":0,"19":0,"20":0,"21":0,"22":0,"23":0,"24":0,"25":0,"26":0,"27":0,"28":0,"29":0,"30":0,"31":0,"32":0,"33":0,"34":0,"35":0,"36":0,"37":0,"38":0,"39":0,"40":0,"41":0,"42":0,"43":0,"44":0,"45":0,"46":1,"47":0,"48":0,"49":0,"50":0,"51":0,"52":0,"53":0,"54":0,"55":0,"56":0,"57":0,"58":0,"59":0,"60":0,"61":0,"62":0,"63":0,"64":0,"65":0,"66":1,"67":0,"68":0,"69":0,"70":0,"71":0,"72":0,"73":0,"74":0,"75":0,"76":0,"77":0,"78":0,"79":0,"80":0,"81":0,"82":0,"83":0,"84":0,"85":0,"86":0,"87":0,"88":1,"89":1,"90":1,"91":0},"f":{"0":0,"1":0,"2":0,"3":0,"4":0,"5":0,"6":1,"7":1,"8":0},"b":{"0":[0,0],"1":[0,0],"2":[0,0],"3":[0,0],"4":[0,0],"5":[0,0],"6":[0,0],"7":[0,0],"8":[0,0],"9":[0,0],"10":[0,0],"11":[0,0],"12":[0,0],"13":[0,0],"14":[0,0],"15":[0,0],"16":[0,0],"17":[0,0],"18":[0,0],"19":[0,0]},"_coverageSchema":"1a1c01bbd47fc00a2c39e90264f33305004495a9","hash":"220c85917d469ba9bda8c7f1eb8d512f5804cd4c"}
,"C:\\Users\\rafik\\Projets de code\\SIELI\\Projet\\Blog STAR WARS\\star-wars-backend\\models\\category.model.js": {"path":"C:\\Users\\rafik\\Projets de code\\SIELI\\Projet\\Blog STAR WARS\\star-wars-backend\\models\\category.model.js","statementMap":{"0":{"start":{"line":1,"column":17},"end":{"line":1,"column":36}},"1":{"start":{"line":4,"column":23},"end":{"line":12,"column":2}},"2":{"start":{"line":14,"column":0},"end":{"line":14,"column":60}}},"fnMap":{},"branchMap":{},"s":{"0":1,"1":1,"2":1},"f":{},"b":{},"_coverageSchema":"1a1c01bbd47fc00a2c39e90264f33305004495a9","hash":"9774f2413b5666e821f55872f07a28f332e2862f"}
,"C:\\Users\\rafik\\Projets de code\\SIELI\\Projet\\Blog STAR WARS\\star-wars-backend\\models\\comment.model.js": {"path":"C:\\Users\\rafik\\Projets de code\\SIELI\\Projet\\Blog STAR WARS\\star-wars-backend\\models\\comment.model.js","statementMap":{"0":{"start":{"line":1,"column":17},"end":{"line":1,"column":36}},"1":{"start":{"line":4,"column":22},"end":{"line":23,"column":2}},"2":{"start":{"line":25,"column":0},"end":{"line":25,"column":58}}},"fnMap":{},"branchMap":{},"s":{"0":3,"1":3,"2":3},"f":{},"b":{},"_coverageSchema":"1a1c01bbd47fc00a2c39e90264f33305004495a9","hash":"d368dd59616021c4c368049d1327986a660f98ba"}
,"C:\\Users\\rafik\\Projets de code\\SIELI\\Projet\\Blog STAR WARS\\star-wars-backend\\models\\followTopic.model.js": {"path":"C:\\Users\\rafik\\Projets de code\\SIELI\\Projet\\Blog STAR WARS\\star-wars-backend\\models\\followTopic.model.js","statementMap":{"0":{"start":{"line":1,"column":17},"end":{"line":1,"column":36}},"1":{"start":{"line":4,"column":26},"end":{"line":16,"column":2}},"2":{"start":{"line":18,"column":0},"end":{"line":18,"column":66}}},"fnMap":{},"branchMap":{},"s":{"0":2,"1":2,"2":2},"f":{},"b":{},"_coverageSchema":"1a1c01bbd47fc00a2c39e90264f33305004495a9","hash":"173e6b322d04c3f27668cc657572297624874cff"}
,"C:\\Users\\rafik\\Projets de code\\SIELI\\Projet\\Blog STAR WARS\\star-wars-backend\\models\\isMentionned.model.js": {"path":"C:\\Users\\rafik\\Projets de code\\SIELI\\Projet\\Blog STAR WARS\\star-wars-backend\\models\\isMentionned.model.js","statementMap":{"0":{"start":{"line":1,"column":17},"end":{"line":1,"column":36}},"1":{"start":{"line":4,"column":27},"end":{"line":11,"column":2}},"2":{"start":{"line":13,"column":0},"end":{"line":13,"column":68}}},"fnMap":{},"branchMap":{},"s":{"0":1,"1":1,"2":1},"f":{},"b":{},"_coverageSchema":"1a1c01bbd47fc00a2c39e90264f33305004495a9","hash":"a189e5ea36bb8ecbb30a918597c66abc52d4acde"}
,"C:\\Users\\rafik\\Projets de code\\SIELI\\Projet\\Blog STAR WARS\\star-wars-backend\\models\\like.model.js": {"path":"C:\\Users\\rafik\\Projets de code\\SIELI\\Projet\\Blog STAR WARS\\star-wars-backend\\models\\like.model.js","statementMap":{"0":{"start":{"line":1,"column":17},"end":{"line":1,"column":36}},"1":{"start":{"line":4,"column":19},"end":{"line":8,"column":2}},"2":{"start":{"line":10,"column":0},"end":{"line":10,"column":52}}},"fnMap":{},"branchMap":{},"s":{"0":3,"1":3,"2":3},"f":{},"b":{},"_coverageSchema":"1a1c01bbd47fc00a2c39e90264f33305004495a9","hash":"ae6da8ce145e7a7520d5b53f210353c49c095379"}
,"C:\\Users\\rafik\\Projets de code\\SIELI\\Projet\\Blog STAR WARS\\star-wars-backend\\models\\post.model.js": {"path":"C:\\Users\\rafik\\Projets de code\\SIELI\\Projet\\Blog STAR WARS\\star-wars-backend\\models\\post.model.js","statementMap":{"0":{"start":{"line":1,"column":17},"end":{"line":1,"column":36}},"1":{"start":{"line":4,"column":19},"end":{"line":26,"column":2}},"2":{"start":{"line":28,"column":0},"end":{"line":28,"column":52}}},"fnMap":{},"branchMap":{},"s":{"0":3,"1":3,"2":3},"f":{},"b":{},"_coverageSchema":"1a1c01bbd47fc00a2c39e90264f33305004495a9","hash":"491f8a9346113f8aff935438c0b5d4f128304153"}
,"C:\\Users\\rafik\\Projets de code\\SIELI\\Projet\\Blog STAR WARS\\star-wars-backend\\models\\topic.model.js": {"path":"C:\\Users\\rafik\\Projets de code\\SIELI\\Projet\\Blog STAR WARS\\star-wars-backend\\models\\topic.model.js","statementMap":{"0":{"start":{"line":1,"column":17},"end":{"line":1,"column":36}},"1":{"start":{"line":4,"column":20},"end":{"line":14,"column":2}},"2":{"start":{"line":16,"column":0},"end":{"line":16,"column":54}}},"fnMap":{},"branchMap":{},"s":{"0":3,"1":3,"2":3},"f":{},"b":{},"_coverageSchema":"1a1c01bbd47fc00a2c39e90264f33305004495a9","hash":"d7ab9453294101eeb81cee23f525fc28d473fb09"}
,"C:\\Users\\rafik\\Projets de code\\SIELI\\Projet\\Blog STAR WARS\\star-wars-backend\\models\\user.model.js": {"path":"C:\\Users\\rafik\\Projets de code\\SIELI\\Projet\\Blog STAR WARS\\star-wars-backend\\models\\user.model.js","statementMap":{"0":{"start":{"line":1,"column":17},"end":{"line":1,"column":36}},"1":{"start":{"line":2,"column":24},"end":{"line":2,"column":60}},"2":{"start":{"line":5,"column":19},"end":{"line":11,"column":2}},"3":{"start":{"line":13,"column":0},"end":{"line":13,"column":34}},"4":{"start":{"line":15,"column":0},"end":{"line":15,"column":51}}},"fnMap":{},"branchMap":{},"s":{"0":5,"1":5,"2":5,"3":5,"4":5},"f":{},"b":{},"_coverageSchema":"1a1c01bbd47fc00a2c39e90264f33305004495a9","hash":"20c9f6ffd4974ebc57507884d4d4d93ab48ebf05"}
}
