{"C:\\Users\\rafik\\Projets de code\\SIELI\\Projet\\Blog STAR WARS\\star-wars-backend\\controllers\\user.controller.js": {"path":"C:\\Users\\rafik\\Projets de code\\SIELI\\Projet\\Blog STAR WARS\\star-wars-backend\\controllers\\user.controller.js","statementMap":{"0":{"start":{"line":1,"column":15},"end":{"line":1,"column":32}},"1":{"start":{"line":2,"column":12},"end":{"line":2,"column":35}},"2":{"start":{"line":3,"column":13},"end":{"line":3,"column":47}},"3":{"start":{"line":4,"column":14},"end":{"line":4,"column":30}},"4":{"start":{"line":5,"column":11},"end":{"line":5,"column":24}},"5":{"start":{"line":6,"column":0},"end":{"line":6,"column":26}},"6":{"start":{"line":9,"column":0},"end":{"line":43,"column":1}},"7":{"start":{"line":11,"column":23},"end":{"line":11,"column":31}},"8":{"start":{"line":12,"column":25},"end":{"line":12,"column":27}},"9":{"start":{"line":15,"column":4},"end":{"line":24,"column":5}},"10":{"start":{"line":16,"column":41},"end":{"line":16,"column":49}},"11":{"start":{"line":17,"column":8},"end":{"line":17,"column":71}},"12":{"start":{"line":18,"column":26},"end":{"line":18,"column":36}},"13":{"start":{"line":19,"column":21},"end":{"line":19,"column":54}},"14":{"start":{"line":20,"column":20},"end":{"line":20,"column":47}},"15":{"start":{"line":21,"column":21},"end":{"line":21,"column":38}},"16":{"start":{"line":22,"column":8},"end":{"line":22,"column":53}},"17":{"start":{"line":23,"column":8},"end":{"line":23,"column":77}},"18":{"start":{"line":26,"column":4},"end":{"line":42,"column":58}},"19":{"start":{"line":29,"column":25},"end":{"line":35,"column":14}},"20":{"start":{"line":36,"column":12},"end":{"line":40,"column":66}},"21":{"start":{"line":38,"column":20},"end":{"line":38,"column":75}},"22":{"start":{"line":40,"column":34},"end":{"line":40,"column":65}},"23":{"start":{"line":42,"column":26},"end":{"line":42,"column":57}},"24":{"start":{"line":46,"column":0},"end":{"line":86,"column":1}},"25":{"start":{"line":47,"column":4},"end":{"line":85,"column":10}},"26":{"start":{"line":49,"column":12},"end":{"line":81,"column":13}},"27":{"start":{"line":50,"column":16},"end":{"line":52,"column":18}},"28":{"start":{"line":54,"column":16},"end":{"line":80,"column":22}},"29":{"start":{"line":57,"column":24},"end":{"line":76,"column":25}},"30":{"start":{"line":58,"column":28},"end":{"line":61,"column":30}},"31":{"start":{"line":63,"column":42},"end":{"line":70,"column":29}},"32":{"start":{"line":72,"column":28},"end":{"line":75,"column":40}},"33":{"start":{"line":79,"column":24},"end":{"line":79,"column":55}},"34":{"start":{"line":84,"column":12},"end":{"line":84,"column":43}},"35":{"start":{"line":89,"column":0},"end":{"line":93,"column":1}},"36":{"start":{"line":90,"column":4},"end":{"line":92,"column":54}},"37":{"start":{"line":91,"column":20},"end":{"line":91,"column":46}},"38":{"start":{"line":92,"column":22},"end":{"line":92,"column":53}},"39":{"start":{"line":96,"column":0},"end":{"line":106,"column":1}},"40":{"start":{"line":97,"column":4},"end":{"line":105,"column":5}},"41":{"start":{"line":98,"column":8},"end":{"line":101,"column":10}},"42":{"start":{"line":102,"column":8},"end":{"line":102,"column":69}},"43":{"start":{"line":104,"column":8},"end":{"line":104,"column":35}},"44":{"start":{"line":109,"column":0},"end":{"line":187,"column":1}},"45":{"start":{"line":112,"column":25},"end":{"line":112,"column":27}},"46":{"start":{"line":115,"column":4},"end":{"line":124,"column":5}},"47":{"start":{"line":117,"column":41},"end":{"line":117,"column":49}},"48":{"start":{"line":118,"column":26},"end":{"line":118,"column":36}},"49":{"start":{"line":119,"column":21},"end":{"line":119,"column":54}},"50":{"start":{"line":120,"column":20},"end":{"line":120,"column":47}},"51":{"start":{"line":121,"column":21},"end":{"line":121,"column":38}},"52":{"start":{"line":122,"column":8},"end":{"line":122,"column":53}},"53":{"start":{"line":123,"column":8},"end":{"line":123,"column":77}},"54":{"start":{"line":127,"column":21},"end":{"line":133,"column":5}},"55":{"start":{"line":136,"column":24},"end":{"line":136,"column":56}},"56":{"start":{"line":137,"column":4},"end":{"line":141,"column":5}},"57":{"start":{"line":138,"column":8},"end":{"line":140,"column":10}},"58":{"start":{"line":144,"column":4},"end":{"line":146,"column":5}},"59":{"start":{"line":145,"column":8},"end":{"line":145,"column":42}},"60":{"start":{"line":147,"column":4},"end":{"line":149,"column":5}},"61":{"start":{"line":148,"column":8},"end":{"line":148,"column":44}},"62":{"start":{"line":150,"column":4},"end":{"line":152,"column":5}},"63":{"start":{"line":151,"column":8},"end":{"line":151,"column":48}},"64":{"start":{"line":153,"column":4},"end":{"line":158,"column":5}},"65":{"start":{"line":154,"column":8},"end":{"line":154,"column":50}},"66":{"start":{"line":156,"column":28},"end":{"line":156,"column":97}},"67":{"start":{"line":157,"column":8},"end":{"line":157,"column":41}},"68":{"start":{"line":159,"column":4},"end":{"line":159,"column":44}},"69":{"start":{"line":162,"column":20},"end":{"line":166,"column":5}},"70":{"start":{"line":167,"column":4},"end":{"line":171,"column":5}},"71":{"start":{"line":168,"column":8},"end":{"line":170,"column":10}},"72":{"start":{"line":174,"column":4},"end":{"line":183,"column":5}},"73":{"start":{"line":175,"column":25},"end":{"line":175,"column":65}},"74":{"start":{"line":176,"column":8},"end":{"line":182,"column":10}},"75":{"start":{"line":177,"column":12},"end":{"line":181,"column":13}},"76":{"start":{"line":178,"column":16},"end":{"line":178,"column":34}},"77":{"start":{"line":180,"column":16},"end":{"line":180,"column":57}},"78":{"start":{"line":186,"column":4},"end":{"line":186,"column":33}}},"fnMap":{"0":{"name":"(anonymous_0)","decl":{"start":{"line":9,"column":19},"end":{"line":9,"column":20}},"loc":{"start":{"line":9,"column":33},"end":{"line":43,"column":1}},"line":9},"1":{"name":"(anonymous_1)","decl":{"start":{"line":28,"column":14},"end":{"line":28,"column":15}},"loc":{"start":{"line":28,"column":24},"end":{"line":41,"column":9}},"line":28},"2":{"name":"(anonymous_2)","decl":{"start":{"line":37,"column":22},"end":{"line":37,"column":23}},"loc":{"start":{"line":38,"column":20},"end":{"line":38,"column":75}},"line":38},"3":{"name":"(anonymous_3)","decl":{"start":{"line":40,"column":23},"end":{"line":40,"column":24}},"loc":{"start":{"line":40,"column":34},"end":{"line":40,"column":65}},"line":40},"4":{"name":"(anonymous_4)","decl":{"start":{"line":42,"column":15},"end":{"line":42,"column":16}},"loc":{"start":{"line":42,"column":26},"end":{"line":42,"column":57}},"line":42},"5":{"name":"(anonymous_5)","decl":{"start":{"line":46,"column":16},"end":{"line":46,"column":17}},"loc":{"start":{"line":46,"column":30},"end":{"line":86,"column":1}},"line":46},"6":{"name":"(anonymous_6)","decl":{"start":{"line":48,"column":14},"end":{"line":48,"column":15}},"loc":{"start":{"line":48,"column":24},"end":{"line":82,"column":9}},"line":48},"7":{"name":"(anonymous_7)","decl":{"start":{"line":56,"column":26},"end":{"line":56,"column":27}},"loc":{"start":{"line":56,"column":37},"end":{"line":77,"column":21}},"line":56},"8":{"name":"(anonymous_8)","decl":{"start":{"line":78,"column":27},"end":{"line":78,"column":28}},"loc":{"start":{"line":78,"column":38},"end":{"line":80,"column":21}},"line":78},"9":{"name":"(anonymous_9)","decl":{"start":{"line":83,"column":15},"end":{"line":83,"column":16}},"loc":{"start":{"line":83,"column":26},"end":{"line":85,"column":9}},"line":83},"10":{"name":"(anonymous_10)","decl":{"start":{"line":89,"column":17},"end":{"line":89,"column":18}},"loc":{"start":{"line":89,"column":31},"end":{"line":93,"column":1}},"line":89},"11":{"name":"(anonymous_11)","decl":{"start":{"line":91,"column":10},"end":{"line":91,"column":11}},"loc":{"start":{"line":91,"column":20},"end":{"line":91,"column":46}},"line":91},"12":{"name":"(anonymous_12)","decl":{"start":{"line":92,"column":11},"end":{"line":92,"column":12}},"loc":{"start":{"line":92,"column":22},"end":{"line":92,"column":53}},"line":92},"13":{"name":"(anonymous_13)","decl":{"start":{"line":96,"column":17},"end":{"line":96,"column":18}},"loc":{"start":{"line":96,"column":31},"end":{"line":106,"column":1}},"line":96},"14":{"name":"(anonymous_14)","decl":{"start":{"line":109,"column":21},"end":{"line":109,"column":22}},"loc":{"start":{"line":109,"column":41},"end":{"line":187,"column":1}},"line":109},"15":{"name":"(anonymous_15)","decl":{"start":{"line":176,"column":40},"end":{"line":176,"column":41}},"loc":{"start":{"line":176,"column":51},"end":{"line":182,"column":9}},"line":176}},"branchMap":{"0":{"loc":{"start":{"line":15,"column":4},"end":{"line":24,"column":5}},"type":"if","locations":[{"start":{"line":15,"column":4},"end":{"line":24,"column":5}},{"start":{},"end":{}}],"line":15},"1":{"loc":{"start":{"line":49,"column":12},"end":{"line":81,"column":13}},"type":"if","locations":[{"start":{"line":49,"column":12},"end":{"line":81,"column":13}},{"start":{"line":53,"column":19},"end":{"line":81,"column":13}}],"line":49},"2":{"loc":{"start":{"line":57,"column":24},"end":{"line":76,"column":25}},"type":"if","locations":[{"start":{"line":57,"column":24},"end":{"line":76,"column":25}},{"start":{"line":62,"column":31},"end":{"line":76,"column":25}}],"line":57},"3":{"loc":{"start":{"line":115,"column":4},"end":{"line":124,"column":5}},"type":"if","locations":[{"start":{"line":115,"column":4},"end":{"line":124,"column":5}},{"start":{},"end":{}}],"line":115},"4":{"loc":{"start":{"line":137,"column":4},"end":{"line":141,"column":5}},"type":"if","locations":[{"start":{"line":137,"column":4},"end":{"line":141,"column":5}},{"start":{},"end":{}}],"line":137},"5":{"loc":{"start":{"line":144,"column":4},"end":{"line":146,"column":5}},"type":"if","locations":[{"start":{"line":144,"column":4},"end":{"line":146,"column":5}},{"start":{},"end":{}}],"line":144},"6":{"loc":{"start":{"line":147,"column":4},"end":{"line":149,"column":5}},"type":"if","locations":[{"start":{"line":147,"column":4},"end":{"line":149,"column":5}},{"start":{},"end":{}}],"line":147},"7":{"loc":{"start":{"line":150,"column":4},"end":{"line":152,"column":5}},"type":"if","locations":[{"start":{"line":150,"column":4},"end":{"line":152,"column":5}},{"start":{},"end":{}}],"line":150},"8":{"loc":{"start":{"line":153,"column":4},"end":{"line":158,"column":5}},"type":"if","locations":[{"start":{"line":153,"column":4},"end":{"line":158,"column":5}},{"start":{"line":155,"column":11},"end":{"line":158,"column":5}}],"line":153},"9":{"loc":{"start":{"line":167,"column":4},"end":{"line":171,"column":5}},"type":"if","locations":[{"start":{"line":167,"column":4},"end":{"line":171,"column":5}},{"start":{},"end":{}}],"line":167},"10":{"loc":{"start":{"line":174,"column":4},"end":{"line":183,"column":5}},"type":"if","locations":[{"start":{"line":174,"column":4},"end":{"line":183,"column":5}},{"start":{},"end":{}}],"line":174},"11":{"loc":{"start":{"line":174,"column":8},"end":{"line":174,"column":46}},"type":"binary-expr","locations":[{"start":{"line":174,"column":8},"end":{"line":174,"column":16}},{"start":{"line":174,"column":20},"end":{"line":174,"column":46}}],"line":174},"12":{"loc":{"start":{"line":177,"column":12},"end":{"line":181,"column":13}},"type":"if","locations":[{"start":{"line":177,"column":12},"end":{"line":181,"column":13}},{"start":{"line":179,"column":19},"end":{"line":181,"column":13}}],"line":177}},"s":{"0":1,"1":1,"2":1,"3":1,"4":1,"5":1,"6":1,"7":0,"8":0,"9":0,"10":0,"11":0,"12":0,"13":0,"14":0,"15":0,"16":0,"17":0,"18":0,"19":0,"20":0,"21":0,"22":0,"23":0,"24":1,"25":0,"26":0,"27":0,"28":0,"29":0,"30":0,"31":0,"32":0,"33":0,"34":0,"35":1,"36":0,"37":0,"38":0,"39":1,"40":0,"41":0,"42":0,"43":0,"44":1,"45":0,"46":0,"47":0,"48":0,"49":0,"50":0,"51":0,"52":0,"53":0,"54":0,"55":0,"56":0,"57":0,"58":0,"59":0,"60":0,"61":0,"62":0,"63":0,"64":0,"65":0,"66":0,"67":0,"68":0,"69":0,"70":0,"71":0,"72":0,"73":0,"74":0,"75":0,"76":0,"77":0,"78":0},"f":{"0":0,"1":0,"2":0,"3":0,"4":0,"5":0,"6":0,"7":0,"8":0,"9":0,"10":0,"11":0,"12":0,"13":0,"14":0,"15":0},"b":{"0":[0,0],"1":[0,0],"2":[0,0],"3":[0,0],"4":[0,0],"5":[0,0],"6":[0,0],"7":[0,0],"8":[0,0],"9":[0,0],"10":[0,0],"11":[0,0],"12":[0,0]},"_coverageSchema":"1a1c01bbd47fc00a2c39e90264f33305004495a9","hash":"fdce67fa29d12df2ae999fa9de981adce5467d47"}
,"C:\\Users\\rafik\\Projets de code\\SIELI\\Projet\\Blog STAR WARS\\star-wars-backend\\middlewares\\auth.js": {"path":"C:\\Users\\rafik\\Projets de code\\SIELI\\Projet\\Blog STAR WARS\\star-wars-backend\\middlewares\\auth.js","statementMap":{"0":{"start":{"line":1,"column":24},"end":{"line":1,"column":45}},"1":{"start":{"line":2,"column":12},"end":{"line":2,"column":35}},"2":{"start":{"line":3,"column":0},"end":{"line":3,"column":43}},"3":{"start":{"line":7,"column":0},"end":{"line":31,"column":1}},"4":{"start":{"line":9,"column":18},"end":{"line":9,"column":42}},"5":{"start":{"line":13,"column":4},"end":{"line":13,"column":61}},"6":{"start":{"line":13,"column":15},"end":{"line":13,"column":61}},"7":{"start":{"line":16,"column":4},"end":{"line":30,"column":6}},"8":{"start":{"line":18,"column":8},"end":{"line":22,"column":9}},"9":{"start":{"line":21,"column":12},"end":{"line":21,"column":72}},"10":{"start":{"line":27,"column":4},"end":{"line":27,"column":19}},"11":{"start":{"line":29,"column":4},"end":{"line":29,"column":11}}},"fnMap":{"0":{"name":"(anonymous_0)","decl":{"start":{"line":7,"column":22},"end":{"line":7,"column":23}},"loc":{"start":{"line":7,"column":42},"end":{"line":31,"column":1}},"line":7},"1":{"name":"(anonymous_1)","decl":{"start":{"line":16,"column":41},"end":{"line":16,"column":42}},"loc":{"start":{"line":16,"column":56},"end":{"line":30,"column":5}},"line":16}},"branchMap":{"0":{"loc":{"start":{"line":13,"column":4},"end":{"line":13,"column":61}},"type":"if","locations":[{"start":{"line":13,"column":4},"end":{"line":13,"column":61}},{"start":{},"end":{}}],"line":13},"1":{"loc":{"start":{"line":18,"column":8},"end":{"line":22,"column":9}},"type":"if","locations":[{"start":{"line":18,"column":8},"end":{"line":22,"column":9}},{"start":{},"end":{}}],"line":18}},"s":{"0":1,"1":1,"2":1,"3":1,"4":0,"5":0,"6":0,"7":0,"8":0,"9":0,"10":0,"11":0},"f":{"0":0,"1":0},"b":{"0":[0,0],"1":[0,0]},"_coverageSchema":"1a1c01bbd47fc00a2c39e90264f33305004495a9","hash":"441754e588faf2da8cd29fe608c1162638a810ad"}
,"C:\\Users\\rafik\\Projets de code\\SIELI\\Projet\\Blog STAR WARS\\star-wars-backend\\middlewares\\error.js": {"path":"C:\\Users\\rafik\\Projets de code\\SIELI\\Projet\\Blog STAR WARS\\star-wars-backend\\middlewares\\error.js","statementMap":{"0":{"start":{"line":2,"column":0},"end":{"line":17,"column":1}},"1":{"start":{"line":5,"column":18},"end":{"line":5,"column":29}},"2":{"start":{"line":9,"column":4},"end":{"line":9,"column":25}},"3":{"start":{"line":13,"column":4},"end":{"line":13,"column":27}},"4":{"start":{"line":16,"column":4},"end":{"line":16,"column":16}}},"fnMap":{"0":{"name":"(anonymous_0)","decl":{"start":{"line":2,"column":22},"end":{"line":2,"column":23}},"loc":{"start":{"line":2,"column":43},"end":{"line":17,"column":1}},"line":2}},"branchMap":{},"s":{"0":1,"1":0,"2":0,"3":0,"4":0},"f":{"0":0},"b":{},"_coverageSchema":"1a1c01bbd47fc00a2c39e90264f33305004495a9","hash":"01ad7c24d140551610cce3db3af2e48a0b7fbf7c"}
,"C:\\Users\\rafik\\Projets de code\\SIELI\\Projet\\Blog STAR WARS\\star-wars-backend\\middlewares\\multer-config.js": {"path":"C:\\Users\\rafik\\Projets de code\\SIELI\\Projet\\Blog STAR WARS\\star-wars-backend\\middlewares\\multer-config.js","statementMap":{"0":{"start":{"line":1,"column":15},"end":{"line":1,"column":32}},"1":{"start":{"line":4,"column":16},"end":{"line":4,"column":38}},"2":{"start":{"line":7,"column":21},"end":{"line":17,"column":1}},"3":{"start":{"line":8,"column":4},"end":{"line":16,"column":5}},"4":{"start":{"line":13,"column":8},"end":{"line":13,"column":60}},"5":{"start":{"line":15,"column":8},"end":{"line":15,"column":28}},"6":{"start":{"line":19,"column":0},"end":{"line":21,"column":1}}},"fnMap":{"0":{"name":"(anonymous_0)","decl":{"start":{"line":7,"column":21},"end":{"line":7,"column":22}},"loc":{"start":{"line":7,"column":46},"end":{"line":17,"column":1}},"line":7}},"branchMap":{"0":{"loc":{"start":{"line":8,"column":4},"end":{"line":16,"column":5}},"type":"if","locations":[{"start":{"line":8,"column":4},"end":{"line":16,"column":5}},{"start":{"line":14,"column":11},"end":{"line":16,"column":5}}],"line":8},"1":{"loc":{"start":{"line":9,"column":8},"end":{"line":11,"column":45}},"type":"binary-expr","locations":[{"start":{"line":9,"column":8},"end":{"line":9,"column":45}},{"start":{"line":10,"column":8},"end":{"line":10,"column":46}},{"start":{"line":11,"column":8},"end":{"line":11,"column":45}}],"line":9}},"s":{"0":1,"1":1,"2":1,"3":0,"4":0,"5":0,"6":1},"f":{"0":0},"b":{"0":[0,0],"1":[0,0,0]},"_coverageSchema":"1a1c01bbd47fc00a2c39e90264f33305004495a9","hash":"8cb6e20eca4954b6c40516799d10700d22c11489"}
,"C:\\Users\\rafik\\Projets de code\\SIELI\\Projet\\Blog STAR WARS\\star-wars-backend\\models\\user.model.js": {"path":"C:\\Users\\rafik\\Projets de code\\SIELI\\Projet\\Blog STAR WARS\\star-wars-backend\\models\\user.model.js","statementMap":{"0":{"start":{"line":1,"column":17},"end":{"line":1,"column":36}},"1":{"start":{"line":2,"column":24},"end":{"line":2,"column":60}},"2":{"start":{"line":5,"column":19},"end":{"line":11,"column":2}},"3":{"start":{"line":13,"column":0},"end":{"line":13,"column":34}},"4":{"start":{"line":15,"column":0},"end":{"line":15,"column":51}}},"fnMap":{},"branchMap":{},"s":{"0":1,"1":1,"2":1,"3":1,"4":1},"f":{},"b":{},"_coverageSchema":"1a1c01bbd47fc00a2c39e90264f33305004495a9","hash":"20c9f6ffd4974ebc57507884d4d4d93ab48ebf05"}
,"C:\\Users\\rafik\\Projets de code\\SIELI\\Projet\\Blog STAR WARS\\star-wars-backend\\routes\\user.routes.js": {"path":"C:\\Users\\rafik\\Projets de code\\SIELI\\Projet\\Blog STAR WARS\\star-wars-backend\\routes\\user.routes.js","statementMap":{"0":{"start":{"line":1,"column":16},"end":{"line":1,"column":34}},"1":{"start":{"line":2,"column":17},"end":{"line":2,"column":61}},"2":{"start":{"line":3,"column":15},"end":{"line":3,"column":57}},"3":{"start":{"line":4,"column":13},"end":{"line":4,"column":46}},"4":{"start":{"line":5,"column":15},"end":{"line":5,"column":31}},"5":{"start":{"line":8,"column":0},"end":{"line":8,"column":51}},"6":{"start":{"line":9,"column":0},"end":{"line":9,"column":37}},"7":{"start":{"line":10,"column":0},"end":{"line":10,"column":57}},"8":{"start":{"line":11,"column":0},"end":{"line":11,"column":56}},"9":{"start":{"line":12,"column":0},"end":{"line":12,"column":68}},"10":{"start":{"line":14,"column":0},"end":{"line":14,"column":23}}},"fnMap":{},"branchMap":{},"s":{"0":1,"1":1,"2":1,"3":1,"4":1,"5":1,"6":1,"7":1,"8":1,"9":1,"10":1},"f":{},"b":{},"_coverageSchema":"1a1c01bbd47fc00a2c39e90264f33305004495a9","hash":"dd1b104c224792c668ef24f0364523bfd98ba9d3"}
}
