TN:
SF:controllers\user.controller.js
FN:9,(anonymous_0)
FN:28,(anonymous_1)
FN:37,(anonymous_2)
FN:40,(anonymous_3)
FN:42,(anonymous_4)
FN:46,(anonymous_5)
FN:48,(anonymous_6)
FN:56,(anonymous_7)
FN:78,(anonymous_8)
FN:83,(anonymous_9)
FN:89,(anonymous_10)
FN:91,(anonymous_11)
FN:92,(anonymous_12)
FN:96,(anonymous_13)
FN:109,(anonymous_14)
FN:176,(anonymous_15)
FN:190,(anonymous_16)
FN:220,(anonymous_17)
FN:236,(anonymous_18)
FN:274,(anonymous_19)
FN:290,(anonymous_20)
FN:292,(anonymous_21)
FN:293,(anonymous_22)
FNF:23
FNH:2
FNDA:0,(anonymous_0)
FNDA:0,(anonymous_1)
FNDA:0,(anonymous_2)
FNDA:0,(anonymous_3)
FNDA:0,(anonymous_4)
FNDA:0,(anonymous_5)
FNDA:0,(anonymous_6)
FNDA:0,(anonymous_7)
FNDA:0,(anonymous_8)
FNDA:0,(anonymous_9)
FNDA:0,(anonymous_10)
FNDA:0,(anonymous_11)
FNDA:0,(anonymous_12)
FNDA:0,(anonymous_13)
FNDA:0,(anonymous_14)
FNDA:0,(anonymous_15)
FNDA:0,(anonymous_16)
FNDA:0,(anonymous_17)
FNDA:0,(anonymous_18)
FNDA:0,(anonymous_19)
FNDA:1,(anonymous_20)
FNDA:1,(anonymous_21)
FNDA:0,(anonymous_22)
DA:1,1
DA:2,1
DA:3,1
DA:4,1
DA:5,1
DA:6,1
DA:9,1
DA:11,0
DA:12,0
DA:15,0
DA:16,0
DA:17,0
DA:18,0
DA:19,0
DA:20,0
DA:21,0
DA:22,0
DA:23,0
DA:26,0
DA:29,0
DA:36,0
DA:38,0
DA:40,0
DA:42,0
DA:46,1
DA:47,0
DA:49,0
DA:50,0
DA:54,0
DA:57,0
DA:58,0
DA:63,0
DA:72,0
DA:79,0
DA:84,0
DA:89,1
DA:90,0
DA:91,0
DA:92,0
DA:96,1
DA:97,0
DA:98,0
DA:102,0
DA:104,0
DA:109,1
DA:112,0
DA:115,0
DA:117,0
DA:118,0
DA:119,0
DA:120,0
DA:121,0
DA:122,0
DA:123,0
DA:127,0
DA:136,0
DA:137,0
DA:138,0
DA:144,0
DA:145,0
DA:147,0
DA:148,0
DA:150,0
DA:151,0
DA:153,0
DA:154,0
DA:156,0
DA:157,0
DA:159,0
DA:162,0
DA:167,0
DA:168,0
DA:174,0
DA:175,0
DA:176,0
DA:177,0
DA:178,0
DA:180,0
DA:186,0
DA:190,1
DA:191,0
DA:192,0
DA:193,0
DA:195,0
DA:196,0
DA:199,0
DA:200,0
DA:206,0
DA:209,0
DA:215,0
DA:218,0
DA:219,0
DA:220,0
DA:221,0
DA:222,0
DA:224,0
DA:229,0
DA:231,0
DA:236,1
DA:237,0
DA:239,0
DA:240,0
DA:241,0
DA:242,0
DA:246,0
DA:247,0
DA:249,0
DA:250,0
DA:253,0
DA:254,0
DA:260,0
DA:263,0
DA:269,0
DA:272,0
DA:273,0
DA:274,0
DA:275,0
DA:276,0
DA:278,0
DA:283,0
DA:285,0
DA:290,1
DA:291,1
DA:292,1
DA:293,0
LF:125
LH:16
BRDA:15,0,0,0
BRDA:15,0,1,0
BRDA:49,1,0,0
BRDA:49,1,1,0
BRDA:57,2,0,0
BRDA:57,2,1,0
BRDA:115,3,0,0
BRDA:115,3,1,0
BRDA:137,4,0,0
BRDA:137,4,1,0
BRDA:144,5,0,0
BRDA:144,5,1,0
BRDA:147,6,0,0
BRDA:147,6,1,0
BRDA:150,7,0,0
BRDA:150,7,1,0
BRDA:153,8,0,0
BRDA:153,8,1,0
BRDA:167,9,0,0
BRDA:167,9,1,0
BRDA:174,10,0,0
BRDA:174,10,1,0
BRDA:174,11,0,0
BRDA:174,11,1,0
BRDA:177,12,0,0
BRDA:177,12,1,0
BRDA:195,13,0,0
BRDA:195,13,1,0
BRDA:199,14,0,0
BRDA:199,14,1,0
BRDA:218,15,0,0
BRDA:218,15,1,0
BRDA:221,16,0,0
BRDA:221,16,1,0
BRDA:241,17,0,0
BRDA:241,17,1,0
BRDA:249,18,0,0
BRDA:249,18,1,0
BRDA:253,19,0,0
BRDA:253,19,1,0
BRDA:272,20,0,0
BRDA:272,20,1,0
BRDA:275,21,0,0
BRDA:275,21,1,0
BRF:44
BRH:0
end_of_record
TN:
SF:models\user.model.js
FNF:0
FNH:0
DA:1,1
DA:2,1
DA:5,1
DA:13,1
DA:15,1
LF:5
LH:5
BRF:0
BRH:0
end_of_record
